#
# There is insufficient memory for the Java Runtime Environment to continue.
# Native memory allocation (malloc) failed to allocate 131088 bytes for Chunk::new
# Possible reasons:
#   The system is out of physical RAM or swap space
#   The process is running with CompressedOops enabled, and the Java Heap may be blocking the growth of the native heap
# Possible solutions:
#   Reduce memory load on the system
#   Increase physical memory or swap space
#   Check if swap backing store is full
#   Decrease Java heap size (-Xmx/-Xms)
#   Decrease number of Java threads
#   Decrease Java thread stack sizes (-Xss)
#   Set larger code cache with -XX:ReservedCodeCacheSize=
#   JVM is running with Zero Based Compressed Oops mode in which the Java heap is
#     placed in the first 32GB address space. The Java Heap base address is the
#     maximum limit for the native heap growth. Please use -XX:HeapBaseMinAddress
#     to set the Java Heap base and to place the Java Heap above 32GB virtual address.
# This output file may be truncated or incomplete.
#
#  Out of Memory Error (allocation.cpp:389), pid=8224, tid=0x0000000000000868
#
# JRE version: Java(TM) SE Runtime Environment (8.0_241-b07) (build 1.8.0_241-b07)
# Java VM: Java HotSpot(TM) 64-Bit Server VM (25.241-b07 mixed mode windows-amd64 compressed oops)
# Failed to write core dump. 
#

---------------  T H R E A D  ---------------

Current thread (0x000000001c9c0000):  JavaThread "C2 CompilerThread1" daemon [_thread_in_native, id=2152, stack(0x000000001e5c0000,0x000000001e6c0000)]

Stack: [0x000000001e5c0000,0x000000001e6c0000]
[error occurred during error reporting (printing stack bounds), id 0xc0000005]

Native frames: (J=compiled Java code, j=interpreted, Vv=VM code, C=native code)


Current CompileTask:
C2:  28830 9654       4       org.codehaus.plexus.util.xml.Xpp3Dom::mergeIntoXpp3Dom (518 bytes)


---------------  P R O C E S S  ---------------

Java Threads: ( => current thread )
  0x000000001c9dd800 JavaThread "Service Thread" daemon [_thread_blocked, id=13636, stack(0x000000001e7c0000,0x000000001e8c0000)]
  0x000000001c9c1000 JavaThread "C1 CompilerThread2" daemon [_thread_blocked, id=2140, stack(0x000000001e6c0000,0x000000001e7c0000)]
=>0x000000001c9c0000 JavaThread "C2 CompilerThread1" daemon [_thread_in_native, id=2152, stack(0x000000001e5c0000,0x000000001e6c0000)]
  0x000000001c9bd000 JavaThread "C2 CompilerThread0" daemon [_thread_in_native, id=5236, stack(0x000000001e4c0000,0x000000001e5c0000)]
  0x000000001e003800 JavaThread "Monitor Ctrl-Break" daemon [_thread_in_native, id=15628, stack(0x000000001e3c0000,0x000000001e4c0000)]
  0x000000001c989000 JavaThread "Attach Listener" daemon [_thread_blocked, id=12448, stack(0x000000001dec0000,0x000000001dfc0000)]
  0x000000001c988800 JavaThread "Signal Dispatcher" daemon [_thread_blocked, id=552, stack(0x000000001ddc0000,0x000000001dec0000)]
  0x000000001c96b000 JavaThread "Finalizer" daemon [_thread_blocked, id=8212, stack(0x000000001dbd0000,0x000000001dcd0000)]
  0x000000001c96a800 JavaThread "Reference Handler" daemon [_thread_blocked, id=15720, stack(0x000000001dad0000,0x000000001dbd0000)]
  0x00000000031b3800 JavaThread "main" [_thread_in_Java, id=16080, stack(0x0000000002e60000,0x0000000002f60000)]

Other Threads:
  0x000000001c947000 VMThread [stack: 0x000000001d9d0000,0x000000001dad0000] [id=15768]
  0x000000001c9de800 WatcherThread [stack: 0x000000001e8c0000,0x000000001e9c0000] [id=13536]

VM state:not at safepoint (normal execution)

VM Mutex/Monitor currently owned by a thread: None

heap address: 0x00000006c0000000, size: 4096 MB, Compressed Oops mode: Zero based, Oop shift amount: 3
Narrow klass base: 0x0000000000000000, Narrow klass shift: 3
Compressed class space size: 1073741824 Address: 0x00000007c0000000

Heap:
 PSYoungGen      total 543744K, used 271385K [0x000000076ab00000, 0x000000079ba00000, 0x00000007c0000000)
  eden space 515072K, 52% used [0x000000076ab00000,0x000000077b406660,0x000000078a200000)
  from space 28672K, 0% used [0x000000078a200000,0x000000078a200000,0x000000078be00000)
  to   space 28672K, 0% used [0x0000000799e00000,0x0000000799e00000,0x000000079ba00000)
 ParOldGen       total 161280K, used 35651K [0x00000006c0000000, 0x00000006c9d80000, 0x000000076ab00000)
  object space 161280K, 22% used [0x00000006c0000000,0x00000006c22d0c90,0x00000006c9d80000)
 Metaspace       used 37401K, capacity 38750K, committed 38824K, reserved 1083392K
  class space    used 4348K, capacity 4709K, committed 4776K, reserved 1048576K

Card table byte_map: [0x0000000012670000,0x0000000012e80000] byte_map_base: 0x000000000f070000

Marking Bits: (ParMarkBitMap*) 0x0000000062a0be30
 Begin Bits: [0x00000000137e0000, 0x00000000177e0000)
 End Bits:   [0x00000000177e0000, 0x000000001b7e0000)

Polling page: 0x0000000000ec0000

CodeCache: size=245760Kb used=26631Kb max_used=26644Kb free=219128Kb
 bounds [0x00000000032b0000, 0x0000000004d00000, 0x00000000122b0000]
 total_blobs=7906 nmethods=7404 adapters=413
 compilation: enabled

Compilation events (10 events):
Event: 28.679 Thread 0x000000001c9c1000 nmethod 9649 0x0000000004623a90 code [0x0000000004623c40, 0x0000000004624218]
Event: 28.679 Thread 0x000000001c9c1000 9647       3       org.apache.maven.repository.internal.ArtifactDescriptorReaderDelegate::setArtifactProperties (79 bytes)
Event: 28.680 Thread 0x000000001c9c1000 nmethod 9647 0x0000000004622710 code [0x0000000004622920, 0x0000000004623568]
Event: 28.735 Thread 0x000000001c9bd000 9651   !   4       sun.nio.cs.ISO_8859_1$Decoder::decodeArrayLoop (263 bytes)
Event: 28.735 Thread 0x000000001c9c1000 9652       3       org.apache.maven.model.io.xpp3.MavenXpp3Reader::parseParent (262 bytes)
Event: 28.737 Thread 0x000000001c9c1000 nmethod 9652 0x0000000004ac3350 code [0x0000000004ac3760, 0x0000000004ac5618]
Event: 28.737 Thread 0x000000001c9c1000 9653       3       org.apache.maven.model.Parent::<init> (11 bytes)
Event: 28.737 Thread 0x000000001c9c1000 nmethod 9653 0x000000000453d4d0 code [0x000000000453d640, 0x000000000453d810]
Event: 28.737 Thread 0x000000001c9c0000 9654       4       org.codehaus.plexus.util.xml.Xpp3Dom::mergeIntoXpp3Dom (518 bytes)
Event: 28.742 Thread 0x000000001c9bd000 nmethod 9651 0x0000000004ac0b10 code [0x0000000004ac0ca0, 0x0000000004ac11d0]

GC Heap History (10 events):
Event: 11.305 GC heap before
{Heap before GC invocations=9 (full 1):
 PSYoungGen      total 231424K, used 229596K [0x000000076ab00000, 0x0000000782e00000, 0x00000007c0000000)
  eden space 211456K, 100% used [0x000000076ab00000,0x0000000777980000,0x0000000777980000)
  from space 19968K, 90% used [0x0000000777980000,0x0000000778b37270,0x0000000778d00000)
  to   space 21504K, 0% used [0x0000000781900000,0x0000000781900000,0x0000000782e00000)
 ParOldGen       total 102912K, used 20014K [0x00000006c0000000, 0x00000006c6480000, 0x000000076ab00000)
  object space 102912K, 19% used [0x00000006c0000000,0x00000006c138b9c0,0x00000006c6480000)
 Metaspace       used 29568K, capacity 30722K, committed 30976K, reserved 1077248K
  class space    used 3464K, capacity 3746K, committed 3840K, reserved 1048576K
Event: 11.335 GC heap after
Heap after GC invocations=9 (full 1):
 PSYoungGen      total 372224K, used 21496K [0x000000076ab00000, 0x0000000784180000, 0x00000007c0000000)
  eden space 350720K, 0% used [0x000000076ab00000,0x000000076ab00000,0x0000000780180000)
  from space 21504K, 99% used [0x0000000781900000,0x0000000782dfe128,0x0000000782e00000)
  to   space 24064K, 0% used [0x0000000780180000,0x0000000780180000,0x0000000781900000)
 ParOldGen       total 102912K, used 20102K [0x00000006c0000000, 0x00000006c6480000, 0x000000076ab00000)
  object space 102912K, 19% used [0x00000006c0000000,0x00000006c13a19c0,0x00000006c6480000)
 Metaspace       used 29568K, capacity 30722K, committed 30976K, reserved 1077248K
  class space    used 3464K, capacity 3746K, committed 3840K, reserved 1048576K
}
Event: 11.808 GC heap before
{Heap before GC invocations=10 (full 1):
 PSYoungGen      total 372224K, used 372216K [0x000000076ab00000, 0x0000000784180000, 0x00000007c0000000)
  eden space 350720K, 100% used [0x000000076ab00000,0x0000000780180000,0x0000000780180000)
  from space 21504K, 99% used [0x0000000781900000,0x0000000782dfe128,0x0000000782e00000)
  to   space 24064K, 0% used [0x0000000780180000,0x0000000780180000,0x0000000781900000)
 ParOldGen       total 102912K, used 20102K [0x00000006c0000000, 0x00000006c6480000, 0x000000076ab00000)
  object space 102912K, 19% used [0x00000006c0000000,0x00000006c13a19c0,0x00000006c6480000)
 Metaspace       used 29654K, capacity 30874K, committed 30976K, reserved 1077248K
  class space    used 3467K, capacity 3750K, committed 3840K, reserved 1048576K
Event: 11.891 GC heap after
Heap after GC invocations=10 (full 1):
 PSYoungGen      total 374784K, used 13888K [0x000000076ab00000, 0x000000078d600000, 0x00000007c0000000)
  eden space 350720K, 0% used [0x000000076ab00000,0x000000076ab00000,0x0000000780180000)
  from space 24064K, 57% used [0x0000000780180000,0x0000000780f10120,0x0000000781900000)
  to   space 23040K, 0% used [0x000000078bf80000,0x000000078bf80000,0x000000078d600000)
 ParOldGen       total 102912K, used 35221K [0x00000006c0000000, 0x00000006c6480000, 0x000000076ab00000)
  object space 102912K, 34% used [0x00000006c0000000,0x00000006c2265730,0x00000006c6480000)
 Metaspace       used 29654K, capacity 30874K, committed 30976K, reserved 1077248K
  class space    used 3467K, capacity 3750K, committed 3840K, reserved 1048576K
}
Event: 15.776 GC heap before
{Heap before GC invocations=11 (full 1):
 PSYoungGen      total 374784K, used 364608K [0x000000076ab00000, 0x000000078d600000, 0x00000007c0000000)
  eden space 350720K, 100% used [0x000000076ab00000,0x0000000780180000,0x0000000780180000)
  from space 24064K, 57% used [0x0000000780180000,0x0000000780f10120,0x0000000781900000)
  to   space 23040K, 0% used [0x000000078bf80000,0x000000078bf80000,0x000000078d600000)
 ParOldGen       total 102912K, used 35221K [0x00000006c0000000, 0x00000006c6480000, 0x000000076ab00000)
  object space 102912K, 34% used [0x00000006c0000000,0x00000006c2265730,0x00000006c6480000)
 Metaspace       used 31457K, capacity 32636K, committed 32896K, reserved 1079296K
  class space    used 3611K, capacity 3912K, committed 3968K, reserved 1048576K
Event: 15.841 GC heap after
Heap after GC invocations=11 (full 1):
 PSYoungGen      total 538112K, used 23014K [0x000000076ab00000, 0x000000078da00000, 0x00000007c0000000)
  eden space 515072K, 0% used [0x000000076ab00000,0x000000076ab00000,0x000000078a200000)
  from space 23040K, 99% used [0x000000078bf80000,0x000000078d5f9828,0x000000078d600000)
  to   space 28672K, 0% used [0x000000078a200000,0x000000078a200000,0x000000078be00000)
 ParOldGen       total 102912K, used 43734K [0x00000006c0000000, 0x00000006c6480000, 0x000000076ab00000)
  object space 102912K, 42% used [0x00000006c0000000,0x00000006c2ab5988,0x00000006c6480000)
 Metaspace       used 31457K, capacity 32636K, committed 32896K, reserved 1079296K
  class space    used 3611K, capacity 3912K, committed 3968K, reserved 1048576K
}
Event: 20.149 GC heap before
{Heap before GC invocations=12 (full 1):
 PSYoungGen      total 538112K, used 236830K [0x000000076ab00000, 0x000000078da00000, 0x00000007c0000000)
  eden space 515072K, 41% used [0x000000076ab00000,0x0000000777bce148,0x000000078a200000)
  from space 23040K, 99% used [0x000000078bf80000,0x000000078d5f9828,0x000000078d600000)
  to   space 28672K, 0% used [0x000000078a200000,0x000000078a200000,0x000000078be00000)
 ParOldGen       total 102912K, used 43734K [0x00000006c0000000, 0x00000006c6480000, 0x000000076ab00000)
  object space 102912K, 42% used [0x00000006c0000000,0x00000006c2ab5988,0x00000006c6480000)
 Metaspace       used 34048K, capacity 35416K, committed 35496K, reserved 1081344K
  class space    used 3879K, capacity 4256K, committed 4264K, reserved 1048576K
Event: 20.208 GC heap after
Heap after GC invocations=12 (full 1):
 PSYoungGen      total 543744K, used 10195K [0x000000076ab00000, 0x000000079ba00000, 0x00000007c0000000)
  eden space 515072K, 0% used [0x000000076ab00000,0x000000076ab00000,0x000000078a200000)
  from space 28672K, 35% used [0x000000078a200000,0x000000078abf4f38,0x000000078be00000)
  to   space 28672K, 0% used [0x0000000799e00000,0x0000000799e00000,0x000000079ba00000)
 ParOldGen       total 102912K, used 66738K [0x00000006c0000000, 0x00000006c6480000, 0x000000076ab00000)
  object space 102912K, 64% used [0x00000006c0000000,0x00000006c412cb98,0x00000006c6480000)
 Metaspace       used 34048K, capacity 35416K, committed 35496K, reserved 1081344K
  class space    used 3879K, capacity 4256K, committed 4264K, reserved 1048576K
}
Event: 20.208 GC heap before
{Heap before GC invocations=13 (full 2):
 PSYoungGen      total 543744K, used 10195K [0x000000076ab00000, 0x000000079ba00000, 0x00000007c0000000)
  eden space 515072K, 0% used [0x000000076ab00000,0x000000076ab00000,0x000000078a200000)
  from space 28672K, 35% used [0x000000078a200000,0x000000078abf4f38,0x000000078be00000)
  to   space 28672K, 0% used [0x0000000799e00000,0x0000000799e00000,0x000000079ba00000)
 ParOldGen       total 102912K, used 66738K [0x00000006c0000000, 0x00000006c6480000, 0x000000076ab00000)
  object space 102912K, 64% used [0x00000006c0000000,0x00000006c412cb98,0x00000006c6480000)
 Metaspace       used 34048K, capacity 35416K, committed 35496K, reserved 1081344K
  class space    used 3879K, capacity 4256K, committed 4264K, reserved 1048576K
Event: 20.334 GC heap after
Heap after GC invocations=13 (full 2):
 PSYoungGen      total 543744K, used 0K [0x000000076ab00000, 0x000000079ba00000, 0x00000007c0000000)
  eden space 515072K, 0% used [0x000000076ab00000,0x000000076ab00000,0x000000078a200000)
  from space 28672K, 0% used [0x000000078a200000,0x000000078a200000,0x000000078be00000)
  to   space 28672K, 0% used [0x0000000799e00000,0x0000000799e00000,0x000000079ba00000)
 ParOldGen       total 161280K, used 35651K [0x00000006c0000000, 0x00000006c9d80000, 0x000000076ab00000)
  object space 161280K, 22% used [0x00000006c0000000,0x00000006c22d0c90,0x00000006c9d80000)
 Metaspace       used 30899K, capacity 32092K, committed 35496K, reserved 1081344K
  class space    used 3512K, capacity 3836K, committed 4264K, reserved 1048576K
}

Deoptimization events (10 events):
Event: 26.524 Thread 0x00000000031b3800 Uncommon trap: reason=class_check action=maybe_recompile pc=0x000000000433fa6c method=java.util.zip.ZipInputStream.readLOC()Ljava/util/zip/ZipEntry; @ 133
Event: 26.524 Thread 0x00000000031b3800 Uncommon trap: reason=class_check action=maybe_recompile pc=0x00000000042aefc8 method=java.util.zip.ZipInputStream.closeEntry()V @ 15
Event: 26.524 Thread 0x00000000031b3800 Uncommon trap: reason=class_check action=maybe_recompile pc=0x00000000043341d4 method=java.util.zip.ZipInputStream.readLOC()Ljava/util/zip/ZipEntry; @ 133
Event: 26.525 Thread 0x00000000031b3800 Uncommon trap: reason=array_check action=maybe_recompile pc=0x0000000004aa2670 method=java.util.AbstractCollection.toArray([Ljava/lang/Object;)[Ljava/lang/Object; @ 119
Event: 26.528 Thread 0x00000000031b3800 Uncommon trap: reason=array_check action=maybe_recompile pc=0x0000000004aa2670 method=java.util.AbstractCollection.toArray([Ljava/lang/Object;)[Ljava/lang/Object; @ 119
Event: 26.529 Thread 0x00000000031b3800 Uncommon trap: reason=array_check action=maybe_recompile pc=0x0000000004aa2670 method=java.util.AbstractCollection.toArray([Ljava/lang/Object;)[Ljava/lang/Object; @ 119
Event: 26.529 Thread 0x00000000031b3800 Uncommon trap: reason=array_check action=maybe_recompile pc=0x0000000004aa2670 method=java.util.AbstractCollection.toArray([Ljava/lang/Object;)[Ljava/lang/Object; @ 119
Event: 26.558 Thread 0x00000000031b3800 Uncommon trap: reason=unstable_if action=reinterpret pc=0x00000000049db284 method=java.util.Arrays.equals([B[B)Z @ 41
Event: 26.711 Thread 0x00000000031b3800 Uncommon trap: reason=unstable_if action=reinterpret pc=0x0000000004254a4c method=java.util.zip.ZipInputStream.readLOC()Ljava/util/zip/ZipEntry; @ 192
Event: 28.517 Thread 0x00000000031b3800 Uncommon trap: reason=class_check action=maybe_recompile pc=0x000000000378af64 method=java.util.ComparableTimSort.binarySort([Ljava/lang/Object;III)V @ 40

Classes redefined (0 events):
No events

Internal exceptions (10 events):
Event: 25.553 Thread 0x00000000031b3800 Exception <a 'sun/nio/fs/WindowsException'> (0x0000000771905540) thrown at [C:\ade\jenkins\workspace\8-2-build-windows-amd64-cygwin\jdk8u241\331\hotspot\src\share\vm\prims\jni.cpp, line 710]
Event: 25.564 Thread 0x00000000031b3800 Exception <a 'sun/nio/fs/WindowsException'> (0x0000000771912e10) thrown at [C:\ade\jenkins\workspace\8-2-build-windows-amd64-cygwin\jdk8u241\331\hotspot\src\share\vm\prims\jni.cpp, line 710]
Event: 25.576 Thread 0x00000000031b3800 Exception <a 'sun/nio/fs/WindowsException'> (0x000000077191c348) thrown at [C:\ade\jenkins\workspace\8-2-build-windows-amd64-cygwin\jdk8u241\331\hotspot\src\share\vm\prims\jni.cpp, line 710]
Event: 25.583 Thread 0x00000000031b3800 Exception <a 'sun/nio/fs/WindowsException'> (0x0000000771929a80) thrown at [C:\ade\jenkins\workspace\8-2-build-windows-amd64-cygwin\jdk8u241\331\hotspot\src\share\vm\prims\jni.cpp, line 710]
Event: 25.592 Thread 0x00000000031b3800 Exception <a 'sun/nio/fs/WindowsException'> (0x00000007719330b0) thrown at [C:\ade\jenkins\workspace\8-2-build-windows-amd64-cygwin\jdk8u241\331\hotspot\src\share\vm\prims\jni.cpp, line 710]
Event: 25.597 Thread 0x00000000031b3800 Exception <a 'sun/nio/fs/WindowsException'> (0x0000000771940bc8) thrown at [C:\ade\jenkins\workspace\8-2-build-windows-amd64-cygwin\jdk8u241\331\hotspot\src\share\vm\prims\jni.cpp, line 710]
Event: 25.606 Thread 0x00000000031b3800 Exception <a 'sun/nio/fs/WindowsException'> (0x000000077194a4d8) thrown at [C:\ade\jenkins\workspace\8-2-build-windows-amd64-cygwin\jdk8u241\331\hotspot\src\share\vm\prims\jni.cpp, line 710]
Event: 25.611 Thread 0x00000000031b3800 Exception <a 'sun/nio/fs/WindowsException'> (0x00000007719584e8) thrown at [C:\ade\jenkins\workspace\8-2-build-windows-amd64-cygwin\jdk8u241\331\hotspot\src\share\vm\prims\jni.cpp, line 710]
Event: 26.046 Thread 0x00000000031b3800 Exception <a 'java/lang/NoClassDefFoundError': org/sonatype/aether/graph/Dependency> (0x0000000773333638) thrown at [C:\ade\jenkins\workspace\8-2-build-windows-amd64-cygwin\jdk8u241\331\hotspot\src\share\vm\classfile\systemDictionary.cpp, line 199]
Event: 26.523 Thread 0x00000000031b3800 Implicit null exception at 0x000000000429957c to 0x00000000042999a5

Events (10 events):
Event: 28.512 loading class org/springframework/util/LinkedMultiValueMap done
Event: 28.512 loading class org/springframework/util/LinkedMultiValueMap
Event: 28.512 loading class org/springframework/util/LinkedMultiValueMap done
Event: 28.514 loading class org/springframework/util/MultiValueMapAdapter
Event: 28.514 loading class org/springframework/util/MultiValueMapAdapter done
Event: 28.514 loading class org/springframework/util/MultiValueMapAdapter
Event: 28.514 loading class org/springframework/util/MultiValueMapAdapter done
Event: 28.517 Thread 0x00000000031b3800 Uncommon trap: trap_request=0xffffffde fr.pc=0x000000000378af64
Event: 28.517 Thread 0x00000000031b3800 DEOPT PACKING pc=0x000000000378af64 sp=0x0000000002f5d5e0
Event: 28.517 Thread 0x00000000031b3800 DEOPT UNPACKING pc=0x00000000032f583b sp=0x0000000002f5d5b8 mode 2


Dynamic libraries:
0x00007ff7e1670000 - 0x00007ff7e16a7000 	C:\Program Files\Java\jdk1.8.0_241\bin\java.exe
0x00007fffad0c0000 - 0x00007fffad28f000 	C:\Windows\SYSTEM32\ntdll.dll
0x00007fffacf60000 - 0x00007fffad00d000 	C:\Windows\System32\KERNEL32.DLL
0x00007fffaa1c0000 - 0x00007fffaa3de000 	C:\Windows\System32\KERNELBASE.dll
0x00007fffab590000 - 0x00007fffab636000 	C:\Windows\System32\ADVAPI32.dll
0x00007fffacec0000 - 0x00007fffacf5e000 	C:\Windows\System32\msvcrt.dll
0x00007fffad030000 - 0x00007fffad08b000 	C:\Windows\System32\sechost.dll
0x00007fffab710000 - 0x00007fffab82e000 	C:\Windows\System32\RPCRT4.dll
0x00007fffacd50000 - 0x00007fffaceb6000 	C:\Windows\System32\USER32.dll
0x00007fffa98c0000 - 0x00007fffa98de000 	C:\Windows\System32\win32u.dll
0x00007fffab430000 - 0x00007fffab464000 	C:\Windows\System32\GDI32.dll
0x00007fffaa4d0000 - 0x00007fffaa654000 	C:\Windows\System32\gdi32full.dll
0x00007fff9cfe0000 - 0x00007fff9d25a000 	C:\Windows\WinSxS\amd64_microsoft.windows.common-controls_6595b64144ccf1df_6.0.14393.4169_none_7de0bbf28341b1f2\COMCTL32.dll
0x00007fffaa800000 - 0x00007fffaaac6000 	C:\Windows\System32\combase.dll
0x00007fffa9640000 - 0x00007fffa9734000 	C:\Windows\System32\ucrtbase.dll
0x00007fffa97a0000 - 0x00007fffa980c000 	C:\Windows\System32\bcryptPrimitives.dll
0x00007fffad090000 - 0x00007fffad0be000 	C:\Windows\System32\IMM32.DLL
0x00007fff9a050000 - 0x00007fff9a1bb000 	C:\Windows\system32\tmumh\20019\AddOn\8.55.0.1117\TmUmEvt64.dll
0x00007fffab830000 - 0x00007fffab838000 	C:\Windows\System32\PSAPI.DLL
0x0000000065df0000 - 0x0000000065f63000 	C:\Windows\system32\tmumh\20019\TmMon\2.9.0.1041\tmmon64.dll
0x00007fffa9400000 - 0x00007fffa9439000 	C:\Windows\system32\vmwsci.dll
0x0000000068000000 - 0x000000006806f000 	C:\Windows\System32\QIPCAP64.dll
0x00007fffab840000 - 0x00007fffacd45000 	C:\Windows\System32\SHELL32.dll
0x00007fffaa3e0000 - 0x00007fffaa422000 	C:\Windows\System32\cfgmgr32.dll
0x00007fffa98e0000 - 0x00007fffa9fb3000 	C:\Windows\System32\windows.storage.dll
0x00007fffa9530000 - 0x00007fffa957c000 	C:\Windows\System32\powrprof.dll
0x00007fffab470000 - 0x00007fffab4c2000 	C:\Windows\System32\shlwapi.dll
0x00007fffa9580000 - 0x00007fffa958f000 	C:\Windows\System32\kernel.appcore.dll
0x00007fffa9590000 - 0x00007fffa9638000 	C:\Windows\System32\shcore.dll
0x00007fffa9500000 - 0x00007fffa9514000 	C:\Windows\System32\profapi.dll
0x00007fffa8b00000 - 0x00007fffa8ba2000 	C:\Windows\SYSTEM32\DNSAPI.dll
0x00007fffab0a0000 - 0x00007fffab10a000 	C:\Windows\System32\WS2_32.dll
0x00007fffab110000 - 0x00007fffab118000 	C:\Windows\System32\NSI.dll
0x00007fffa8ab0000 - 0x00007fffa8ae8000 	C:\Windows\SYSTEM32\IPHLPAPI.DLL
0x0000000062a90000 - 0x0000000062b62000 	C:\Program Files\Java\jdk1.8.0_241\jre\bin\msvcr100.dll
0x00000000621e0000 - 0x0000000062a8c000 	C:\Program Files\Java\jdk1.8.0_241\jre\bin\server\jvm.dll
0x00007fffa0c00000 - 0x00007fffa0c09000 	C:\Windows\SYSTEM32\WSOCK32.dll
0x00007fff9cb50000 - 0x00007fff9cb73000 	C:\Windows\SYSTEM32\WINMM.dll
0x00007fffa8670000 - 0x00007fffa867a000 	C:\Windows\SYSTEM32\VERSION.dll
0x00007fff9c9e0000 - 0x00007fff9ca0b000 	C:\Windows\SYSTEM32\WINMMBASE.dll
0x00007fff946b0000 - 0x00007fff946bf000 	C:\Program Files\Java\jdk1.8.0_241\jre\bin\verify.dll
0x00007fff6eea0000 - 0x00007fff6eec9000 	C:\Program Files\Java\jdk1.8.0_241\jre\bin\java.dll
0x00007fff902f0000 - 0x00007fff90313000 	C:\Program Files\Java\jdk1.8.0_241\jre\bin\instrument.dll
0x00007fff90bc0000 - 0x00007fff90bd6000 	C:\Program Files\Java\jdk1.8.0_241\jre\bin\zip.dll
0x00007fff90040000 - 0x00007fff9005a000 	C:\Software\IntelliJ\ideaIC-2023.3.7.win\bin\breakgen64.dll
0x00007fff8f270000 - 0x00007fff8f28a000 	C:\Program Files\Java\jdk1.8.0_241\jre\bin\net.dll
0x00007fffa8d80000 - 0x00007fffa8ddd000 	C:\Windows\system32\mswsock.dll
0x00007fff8f220000 - 0x00007fff8f232000 	C:\Program Files\Java\jdk1.8.0_241\jre\bin\nio.dll
0x0000000069ac0000 - 0x0000000069ae4000 	C:\Users\local_80006396\Temp\1\jansi-2.4.0-95e8291a314f8e5-jansi.dll
0x00007fffa7880000 - 0x00007fffa788d000 	C:\Program Files\Java\jdk1.8.0_241\jre\bin\management.dll
0x00007fff93370000 - 0x00007fff93386000 	C:\Windows\system32\napinsp.dll
0x00007fff93290000 - 0x00007fff9329e000 	C:\Windows\System32\winrnr.dll
0x00007fffa6640000 - 0x00007fffa6658000 	C:\Windows\system32\NLAapi.dll
0x00007fff9b3b0000 - 0x00007fff9b3ba000 	C:\Windows\System32\rasadhlp.dll
0x00007fffa6b80000 - 0x00007fffa6bea000 	C:\Windows\System32\fwpuclnt.dll
0x00007fffa9440000 - 0x00007fffa946b000 	C:\Windows\SYSTEM32\bcrypt.dll
0x00007fff93050000 - 0x00007fff93074000 	C:\Program Files\Java\jdk1.8.0_241\jre\bin\sunec.dll
0x00007fffa6600000 - 0x00007fffa6616000 	C:\Windows\SYSTEM32\dhcpcsvc6.DLL
0x00007fffa6570000 - 0x00007fffa658a000 	C:\Windows\SYSTEM32\dhcpcsvc.DLL
0x00007fffa8f30000 - 0x00007fffa8f47000 	C:\Windows\SYSTEM32\CRYPTSP.dll
0x00007fffa8940000 - 0x00007fffa8973000 	C:\Windows\system32\rsaenh.dll
0x00007fffa8bb0000 - 0x00007fffa8bd0000 	C:\Windows\SYSTEM32\USERENV.dll
0x00007fffa8f50000 - 0x00007fffa8f5b000 	C:\Windows\SYSTEM32\CRYPTBASE.dll

VM Arguments:
jvm_args: -Dmaven.multiModuleProjectDirectory=C:\Users\80006396\demo\demo -Djansi.passthrough=true -Dmaven.home=C:\Software\IntelliJ\ideaIC-2023.3.7.win\plugins\maven\lib\maven3 -Dclassworlds.conf=C:\Software\IntelliJ\ideaIC-2023.3.7.win\plugins\maven\lib\maven3\bin\m2.conf -Dmaven.ext.class.path=C:\Software\IntelliJ\ideaIC-2023.3.7.win\plugins\maven\lib\maven-event-listener.jar -javaagent:C:\Software\IntelliJ\ideaIC-2023.3.7.win\lib\idea_rt.jar=51531:C:\Software\IntelliJ\ideaIC-2023.3.7.win\bin -Dfile.encoding=UTF-8 
java_command: org.codehaus.classworlds.Launcher -Didea.version=2023.3.7 -Dmaven.repo.local=C:\Users\80006396\.m2\repository -DskipTests=true clean install
java_class_path (initial): C:\Software\IntelliJ\ideaIC-2023.3.7.win\plugins\maven\lib\maven3\boot\plexus-classworlds-2.7.0.jar;C:\Software\IntelliJ\ideaIC-2023.3.7.win\plugins\maven\lib\maven3\boot\plexus-classworlds.license;C:\Software\IntelliJ\ideaIC-2023.3.7.win\lib\idea_rt.jar
Launcher Type: SUN_STANDARD

Environment Variables:
PATH=C:\Program Files\Common Files\Oracle\Java\javapath;C:\Program Files (x86)\Common Files\Oracle\Java\javapath;C:\Windows\system32;C:\Windows;C:\Windows\System32\Wbem;C:\Windows\System32\WindowsPowerShell\v1.0\;C:\Program Files\PowerShell\7\;C:\Software\apache-maven-3.9.6\bin;C:\Program Files\PuTTY\;C:\Software\apache-ant-1.10.12-bin\apache-ant-1.10.12\bin;C:\gradle\gradle-7.3.1\bin;C:\Software\flutter_windows_2.8.0-stable\flutter\bin;C:\Program Files\Amazon\AWSCLIV2\;C:\Program Files\Amazon\AWSSAMCLI\bin\;C:\Software\eksctl_Windows_amd64\;C:\Program Files\Azure Data Studio\bin;C:\ProgramData\chocolatey\bin;C:\Software\nvm;C:\Program Files\nodejs;C:\Software\mongodb-database-tools\bin;C:\Program Files\Microsoft VS Code\bin;C:\Program Files\Git\cmd;C:\Software\phantomjs-2.1.1-windows;C:\Software\phantomjs-2.1.1-windows\bin;C:\Program Files\TortoiseSVN\bin;C:\Program Files (x86)\Enterprise Vault\EVClient\x64\;C:\Software\Appium\node_modules\.bin;C:\Program Files (x86)\Microsoft SQL Server\160\DTS\Binn\;C:\Users\80006396\AppData\Local\Microsoft\WindowsApps;C:\Users\80006396\AppData\Local\GitHubDesktop\bin
USERNAME=80006396
OS=Windows_NT
PROCESSOR_IDENTIFIER=Intel64 Family 6 Model 85 Stepping 7, GenuineIntel



---------------  S Y S T E M  ---------------

OS: Windows 10.0 , 64 bit Build 14393 (10.0.14393.5786)

CPU:total 4 (initial active 4) (4 cores per cpu, 1 threads per core) family 6 model 85 stepping 7, cmov, cx8, fxsr, mmx, sse, sse2, sse3, ssse3, sse4.1, sse4.2, popcnt, avx, avx2, aes, clmul, erms, 3dnowpref, lzcnt, tsc, tscinvbit, bmi1, bmi2, adx

Memory: 4k page, physical 16776692k(2415724k free), swap 16776692k(7200k free)

vm_info: Java HotSpot(TM) 64-Bit Server VM (25.241-b07) for windows-amd64 JRE (1.8.0_241-b07), built on Dec 11 2019 10:21:40 by "rejava" with MS VC++ 10.0 (VS2010)

time: Tue Jun 18 11:28:08 2024
timezone: India Standard Time
elapsed time: 28 seconds (0d 0h 0m 28s)

